=== TOKENS ENCONTRADOS ===
TOKEN                LEXEMA               LINEA      COLUMNA   
GLOBAL               global               2          1         
INTEGER_T            int                  2          8         
IDENTIFIER           y                    2          12        
ASIGNA               =                    2          14        
INTEGER_LITERAL      2                    2          16        
FINLINEA             ?                    2          18        
GLOBAL               global               4          1         
STRING_T             string               4          8         
IDENTIFIER           msg                  4          15        
ASIGNA               =                    4          19        
STRING_LITERAL       "                    4          26        
FINLINEA             ?                    4          28        
GLOBAL               global               6          1         
INTEGER_T            int                  6          8         
IDENTIFIER           x                    6          12        
FINLINEA             ?                    6          13        
MAIN                 main                 8          1         
ESH_IZ               ʃ                    8          6         
EZH_DE               ʅ                    8          7         
INIT_BLOC            ((                   9          1         
INTEGER_T            int                  10         3         
IDENTIFIER           array                10         8         
PIPE                 |                    10         14        
INTEGER_LITERAL      5                    10         16        
PIPE                 |                    10         18        
FINLINEA             ?                    10         20        
IDENTIFIER           array                12         3         
BRACEIZQ             [                    12         9         
INTEGER_LITERAL      2                    12         11        
BRACEDER             ]                    12         13        
ASIGNA               =                    12         16        
INTEGER_LITERAL      10                   12         18        
FINLINEA             ?                    12         20        
IDENTIFIER           x                    14         3         
ASIGNA               =                    14         5         
IDENTIFIER           array                14         7         
BRACEIZQ             [                    14         13        
INTEGER_LITERAL      2                    14         15        
BRACEDER             ]                    14         17        
FINLINEA             ?                    14         18        
STRING_T             string               15         3         
IDENTIFIER           nombre               15         10        
ASIGNA               =                    15         17        
STRING_LITERAL       "                    15         24        
FINLINEA             ?                    15         26        
INTEGER_T            int                  16         3         
IDENTIFIER           numero               16         7         
ASIGNA               =                    16         14        
INTEGER_LITERAL      2                    16         16        
FINLINEA             ?                    16         18        
IDENTIFIER           x                    17         3         
ASIGNA               =                    17         5         
INTEGER_LITERAL      4                    17         7         
FINLINEA             ?                    17         8         
IF                   if                   20         3         
ESH_IZ               ʃ                    20         6         
IDENTIFIER           x                    20         8         
MENOR                <                    20         10        
INTEGER_LITERAL      10                   20         12        
EZH_DE               ʅ                    20         15        
INIT_BLOC            ((                   21         5         
INTEGER_T            int                  22         7         
IDENTIFIER           juan                 22         11        
ASIGNA               =                    22         16        
INTEGER_LITERAL      2                    22         18        
FINLINEA             ?                    22         20        
END_BLOC             /                    23         5         
ELIF                 elif                 24         3         
ESH_IZ               ʃ                    24         8         
IDENTIFIER           j                    24         10        
COMPARACION          ==                   24         12        
INTEGER_LITERAL      10                   24         15        
EZH_DE               ʅ                    24         18        
INIT_BLOC            ((                   25         5         
INTEGER_T            int                  26         7         
IDENTIFIER           juan                 26         11        
ASIGNA               =                    26         16        
INTEGER_LITERAL      6                    26         18        
FINLINEA             ?                    26         20        
END_BLOC             /                    27         5         
ELSE                 else                 28         3         
INIT_BLOC            ((                   29         5         
RETURN               return               30         7         
STRING_LITERAL       "                    30         16        
FINLINEA             ?                    30         18        
END_BLOC             /                    31         5         
SWITCH               Switch               33         3         
ESH_IZ               ʃ                    33         10        
IDENTIFIER           x                    33         12        
EZH_DE               ʅ                    33         14        
INIT_BLOC            ((                   34         3         
CASE                 case                 35         5         
INTEGER_LITERAL      1                    35         10        
DOSPUNTOS            :                    35         11        
IDENTIFIER           y                    36         7         
ASIGNA               =                    36         9         
INTEGER_LITERAL      2                    36         11        
FINLINEA             ?                    36         12        
BREAK                break                37         7         
FINLINEA             ?                    37         12        
CASE                 case                 38         5         
INTEGER_LITERAL      2                    38         10        
DOSPUNTOS            :                    38         11        
IDENTIFIER           y                    39         7         
ASIGNA               =                    39         9         
INTEGER_LITERAL      2                    39         11        
FINLINEA             ?                    39         12        
BREAK                break                40         7         
FINLINEA             ?                    40         12        
DEFAULT              default              41         5         
DOSPUNTOS            :                    41         12        
IDENTIFIER           y                    42         7         
ASIGNA               =                    42         9         
INTEGER_LITERAL      3                    42         11        
FINLINEA             ?                    42         12        
END_BLOC             /                    43         3         
DO                   do                   45         3         
INIT_BLOC            ((                   46         3         
INTEGER_T            int                  47         7         
IDENTIFIER           juan                 47         11        
ASIGNA               =                    47         16        
INTEGER_LITERAL      6                    47         18        
FINLINEA             ?                    47         20        
END_BLOC             /                    48         5         
WHILE                while                48         7         
ESH_IZ               ʃ                    48         13        
IDENTIFIER           x                    48         15        
SUMA                 +                    48         17        
INTEGER_LITERAL      10                   48         19        
EZH_DE               ʅ                    48         22        
FINLINEA             ?                    48         24        
FOR                  for                  50         3         
ESH_IZ               ʃ                    50         7         
INTEGER_T            int                  50         9         
IDENTIFIER           i                    50         13        
ASIGNA               =                    50         15        
INTEGER_LITERAL      0                    50         17        
FINLINEA             ?                    50         19        
IDENTIFIER           i                    50         21        
MENOR                <                    50         23        
INTEGER_LITERAL      10                   50         25        
FINLINEA             ?                    50         27        
IDENTIFIER           i                    50         29        
ASIGNA               =                    50         31        
IDENTIFIER           i                    50         33        
SUMA                 +                    50         35        
INTEGER_LITERAL      1                    50         37        
EZH_DE               ʅ                    50         39        
INIT_BLOC            ((                   51         3         
STRING_T             string               52         9         
IDENTIFIER           msg                  52         16        
ASIGNA               =                    52         20        
STRING_LITERAL       "                    52         27        
FINLINEA             ?                    52         29        
END_BLOC             /                    53         3         
END_BLOC             /                    55         3         
FUNCTION             function             57         1         
INTEGER_T            int                  57         10        
IDENTIFIER           f1                   57         14        
ESH_IZ               ʃ                    57         17        
INTEGER_T            int                  57         19        
IDENTIFIER           num1                 57         23        
COMA                 ,                    57         28        
STRING_T             string               57         30        
IDENTIFIER           num2                 57         37        
EZH_DE               ʅ                    57         42        
INIT_BLOC            ((                   58         1         
IDENTIFIER           num1                 59         4         
ASIGNA               =                    59         9         
STRING_LITERAL       "                    59         16        
FINLINEA             ?                    59         18        
RETURN               return               60         4         
IDENTIFIER           num1                 60         11        
FINLINEA             ?                    60         15        
END_BLOC             /                    61         1         
FUNCTION             function             63         1         
STRING_T             string               63         10        
IDENTIFIER           f2                   63         17        
ESH_IZ               ʃ                    63         20        
INTEGER_T            int                  63         22        
IDENTIFIER           num1                 63         26        
COMA                 ,                    63         31        
STRING_T             string               63         33        
IDENTIFIER           num2                 63         40        
EZH_DE               ʅ                    63         45        
INIT_BLOC            ((                   64         1         
IDENTIFIER           f1                   65         4         
ESH_IZ               ʃ                    65         7         
TRUE                 luna                 65         9         
COMA                 ,                    65         14        
IDENTIFIER           num2                 65         16        
EZH_DE               ʅ                    65         21        
FINLINEA             ?                    65         23        
IDENTIFIER           num1                 66         4         
ASIGNA               =                    66         9         
INTEGER_LITERAL      2                    66         11        
FINLINEA             ?                    66         13        
RETURN               return               67         4         
IDENTIFIER           num2                 67         11        
FINLINEA             ?                    67         15        
END_BLOC             /                    68         1         
